============================= test session starts ==============================
platform linux -- Python 3.13.5, pytest-9.0.2, pluggy-1.6.0
rootdir: /home/hoky/Quants-agent/LuminaQuant
configfile: pyproject.toml
collected 1253 items

tests/test_accelerated_indicators.py ....                                [  0%]
tests/test_advanced_alpha_indicators.py ....                             [  0%]
tests/test_advanced_strategy_state.py ......                             [  1%]
tests/test_alpha101_formula_strategy.py ..                               [  1%]
tests/test_alpha101_registry_compiler.py ......                          [  1%]
tests/test_alpha_card_template.py ..                                     [  1%]
tests/test_alpha_research_pipeline.py ...                                [  2%]
tests/test_audit_hardcoded_params.py ........                            [  2%]
tests/test_autonomous_portfolio_research_loop.py .                       [  2%]
tests/test_backtest_cli_runtime_env.py .                                 [  2%]
tests/test_backtest_optimize_loader_entrypoint.py ..                     [  3%]
tests/test_benchmark_pipeline_k_script.py ..                             [  3%]
tests/test_benchmark_script_defaults.py ...                              [  3%]
tests/test_binance_futures_exchange.py ......                            [  3%]
tests/test_binance_futures_exchange_factory.py .                         [  4%]
tests/test_binance_user_stream_parser.py ..                              [  4%]
tests/test_build_carry_trend_production_manifest_script.py ..            [  4%]
tests/test_build_committee_portfolio_followup.py ..                      [  4%]
tests/test_build_portfolio_exact_window_freeze.py ........               [  5%]
tests/test_build_portfolio_one_shot_incumbent_bundle.py ...              [  5%]
tests/test_build_production_guarded_portfolio_script.py ..               [  5%]
tests/test_bulk_research_script.py .                                     [  5%]
tests/test_candidate_strategy_factory.py ..                              [  5%]
tests/test_causal_dynamic_portfolio.py ............                      [  6%]
tests/test_causal_overlay_portfolio.py ......                            [  7%]
tests/test_chunked_backtest.py ....                                      [  7%]
tests/test_chunked_parity_with_fills.py ...                              [  7%]
tests/test_chunked_runner.py ...                                         [  8%]
tests/test_collect_binance_aggtrades_raw.py ...........                  [  8%]
tests/test_collect_hyperliquid_readonly_smoke.py ..                      [  9%]
tests/test_collector_periodic_loop_runtime.py .                          [  9%]
tests/test_compute_engine.py ...................                         [ 10%]
tests/test_compute_ops.py .....                                          [ 11%]
tests/test_config_runtime_env_defaults.py ......                         [ 11%]
tests/test_config_schema.py ..                                           [ 11%]
tests/test_config_symbols_universe.py .                                  [ 11%]
tests/test_cost_aware_constructor.py .                                   [ 11%]
tests/test_cost_aware_execution.py ...                                   [ 12%]
tests/test_cost_aware_framework_e2e.py .                                 [ 12%]
tests/test_cost_calibration.py .                                         [ 12%]
tests/test_cpu_gpu_week_chunk_determinism.py .                           [ 12%]
tests/test_dashboard_bridge_contract.py .........                        [ 13%]
tests/test_dashboard_cli.py .....                                        [ 13%]
tests/test_dashboard_cutover_surfaces_service.py ........                [ 14%]
tests/test_dashboard_exact_window_service.py ...                         [ 14%]
tests/test_dashboard_import_contract.py .                                [ 14%]
tests/test_dashboard_overview_service.py ...                             [ 14%]
tests/test_dashboard_risk_health_service.py .                            [ 14%]
tests/test_dashboard_state_store_service.py ..                           [ 14%]
tests/test_dashboard_workflow_job_control_service.py .                   [ 15%]
tests/test_dashboard_workflow_jobs_payload_service.py .                  [ 15%]
tests/test_dashboard_workflow_jobs_service.py ...                        [ 15%]
tests/test_data_handler_prefrozen.py ..                                  [ 15%]
tests/test_event_clock.py .                                              [ 15%]
tests/test_exact_window_cli.py ............                              [ 16%]
tests/test_exact_window_dashboard_loader.py ....                         [ 16%]
tests/test_exact_window_decision.py ....                                 [ 17%]
tests/test_exact_window_deployment_combo.py ...                          [ 17%]
tests/test_exact_window_log_archive.py .......                           [ 17%]
tests/test_exact_window_pair_focus_profiles.py .                         [ 18%]
tests/test_exact_window_reporting.py ........                            [ 18%]
tests/test_exact_window_runtime.py ......                                [ 19%]
tests/test_exact_window_runtime_env.py ..                                [ 19%]
tests/test_exact_window_suite.py ...............                         [ 20%]
tests/test_execution_protective_orders.py ....                           [ 20%]
tests/test_execution_sim_non_hft_fill_model.py .                         [ 20%]
tests/test_external_market_data_loader.py ..                             [ 21%]
tests/test_factory_candidate_set.py ..                                   [ 21%]
tests/test_factory_fast_indicators.py ..                                 [ 21%]
tests/test_fast_eval.py .                                                [ 21%]
tests/test_feature_point_lookup.py ..                                    [ 21%]
tests/test_feature_point_upsert_schema.py ...                            [ 21%]
tests/test_final_validation_helpers.py ..                                [ 22%]
tests/test_formulaic_alpha_runtime.py .....                              [ 22%]
tests/test_formulaic_alpha_subset.py ...                                 [ 22%]
tests/test_formulaic_definitions.py ...                                  [ 22%]
tests/test_formulaic_definitions_specs.py ....                           [ 23%]
tests/test_formulaic_operators.py ....                                   [ 23%]
tests/test_frozen_dataset.py .                                           [ 23%]
tests/test_funding_liquidation.py ...                                    [ 23%]
tests/test_futures_feature_points.py .                                   [ 23%]
tests/test_historic_data_feature_support.py ..                           [ 24%]
tests/test_hybrid_online_portfolio.py ............                       [ 25%]
tests/test_hyperliquid_readonly.py ...                                   [ 25%]
tests/test_indicator_expansion.py ....                                   [ 25%]
tests/test_indicators_core.py ........                                   [ 26%]
tests/test_indicators_extended.py .....                                  [ 26%]
tests/test_infra_exports.py .....                                        [ 27%]
tests/test_inspect_autoresearch_run_script.py ..                         [ 27%]
tests/test_integration_parquet_postgres.py .                             [ 27%]
tests/test_intrabar_stoploss_1s_feed.py .                                [ 27%]
tests/test_live_binance_market_window_aggregation.py ..                  [ 27%]
tests/test_live_config_source_validation.py .........                    [ 28%]
tests/test_live_data_poll_ws_committed_only.py ..                        [ 28%]
tests/test_live_data_source_flag_routing.py .....                        [ 28%]
tests/test_live_data_staleness_gate.py .                                 [ 28%]
tests/test_live_execution_reconciliation.py ...                          [ 29%]
tests/test_live_execution_state_machine.py .....                         [ 29%]
tests/test_live_external_data.py ..                                      [ 29%]
tests/test_live_fail_fast_missing_committed_data.py .........            [ 30%]
tests/test_live_market_window.py .....                                   [ 30%]
tests/test_live_no_empty_window_degradation.py ..                        [ 30%]
tests/test_live_portfolio_boundary.py ..                                 [ 31%]
tests/test_live_readiness_ops_scripts.py .......                         [ 31%]
tests/test_live_recovery_reconciliation_service.py ......                [ 32%]
tests/test_live_selection_infer.py .....                                 [ 32%]
tests/test_live_staleness_config_runtime.py .                            [ 32%]
tests/test_live_trader_config_snapshot.py .                              [ 32%]
tests/test_live_trader_fallback_polling.py ...                           [ 32%]
tests/test_live_trader_flatten_hedge.py .......                          [ 33%]
tests/test_live_trader_startup_hardening.py .........                    [ 34%]
tests/test_live_user_stream_order_projection.py .                        [ 34%]
tests/test_lookahead.py .                                                [ 34%]
tests/test_market_data_loader_modes.py ..                                [ 34%]
tests/test_market_window_emission_parity_live_vs_backtest.py .           [ 34%]
tests/test_market_window_parity_flag_validation.py ..                    [ 34%]
tests/test_market_window_payload_flag.py ..                              [ 34%]
tests/test_market_window_payload_rollout_gates.py .                      [ 35%]
tests/test_market_window_schema_parity.py .                              [ 35%]
tests/test_materialize_from_raw.py ..                                    [ 35%]
tests/test_materialized_manifest_schema.py ..                            [ 35%]
tests/test_materializer_periodic_loop_timeframe_resolution.py ......     [ 35%]
tests/test_message_bus.py ...                                            [ 36%]
tests/test_minimum_viable_run_script.py ...                              [ 36%]
tests/test_mt5_exchange.py ...                                           [ 36%]
tests/test_mt5_exchange_bridge.py ..                                     [ 36%]
tests/test_native_backend.py ..                                          [ 36%]
tests/test_no_ccxt_runtime_dependency.py ..                              [ 37%]
tests/test_no_equity_curve_materialization_in_low_memory.py .            [ 37%]
tests/test_ohlcv_loader.py ...                                           [ 37%]
tests/test_ohlcv_repo_paths.py ..                                        [ 37%]
tests/test_optimize_cli_runtime_env.py .                                 [ 37%]
tests/test_optimize_data_mode_contract.py ....                           [ 37%]
tests/test_optimize_import_side_effects.py .                             [ 38%]
tests/test_optimize_two_stage.py ......                                  [ 38%]
tests/test_optimize_uses_windowed_handler.py .                           [ 38%]
tests/test_optuna_tune_profit_moonshot_calendar.py ..                    [ 38%]
tests/test_pair_spread_4h_xpt_xpd_retune.py ...                          [ 39%]
tests/test_pair_trading_zscore.py .....                                  [ 39%]
tests/test_param_registry.py .....                                       [ 39%]
tests/test_parity_fast_eval.py .                                         [ 39%]
tests/test_parquet_market_data.py .........                              [ 40%]
tests/test_performance_drawdowns.py ...                                  [ 40%]
tests/test_periodic_loop_config_contract.py ........                     [ 41%]
tests/test_polymarket_exchange.py .......                                [ 42%]
tests/test_polymarket_live_data.py ..                                    [ 42%]
tests/test_portfolio_fast_stats.py ..                                    [ 42%]
tests/test_portfolio_followup_memory_guard.py ..........                 [ 43%]
tests/test_portfolio_followup_rules.py ............                      [ 44%]
tests/test_portfolio_max_performance_decision_meta.py ..                 [ 44%]
tests/test_portfolio_optimizer_core.py ......                            [ 44%]
tests/test_portfolio_sizing.py .                                         [ 44%]
tests/test_portfolio_split_contract.py .....                             [ 45%]
tests/test_portfolio_state_carry.py .                                    [ 45%]
tests/test_portfolio_trade_recording.py ..                               [ 45%]
tests/test_postgres_state.py ....                                        [ 45%]
tests/test_postgres_state_determinism.py ..                              [ 45%]
tests/test_profit_moonshot_candidate_hybrid.py .                         [ 46%]
tests/test_profit_moonshot_fresh_portfolio_tuning.py .................   [ 47%]
tests/test_profit_moonshot_fresh_start_replay.py .................       [ 48%]
tests/test_profit_moonshot_liquidation_aware_validation.py .........     [ 49%]
tests/test_profit_moonshot_live_final_selection.py .............         [ 50%]
tests/test_profit_moonshot_pass_under_8gb_validator.py .........         [ 51%]
tests/test_profit_moonshot_strategy_validity_audit.py ....               [ 51%]
tests/test_publish_public_pr.py ....................                     [ 53%]
tests/test_quant_pipeline_e2e.py .                                       [ 53%]
tests/test_quick_scan_script.py ..                                       [ 53%]
tests/test_rare_event_indicator.py ..                                    [ 53%]
tests/test_rare_event_strategy.py ..                                     [ 53%]
tests/test_raw_first_lineage.py ...                                      [ 53%]
tests/test_raw_first_lineage_contract.py .............                   [ 54%]
tests/test_raw_taker_flow_feature_backfill.py ..                         [ 55%]
tests/test_readme_quickstart_paths.py ..                                 [ 55%]
tests/test_refresh_data_fast_cli.py ...                                  [ 55%]
tests/test_refresh_final_portfolio_validation_data_script.py ........... [ 56%]
............                                                             [ 57%]
tests/test_regime_switching_portfolio.py .................               [ 58%]
tests/test_replay.py .                                                   [ 58%]
tests/test_research_metrics.py ....                                      [ 59%]
tests/test_research_pipeline.py .                                        [ 59%]
tests/test_research_resources.py ..                                      [ 59%]
tests/test_research_run_support.py ..                                    [ 59%]
tests/test_research_runner_exact_split.py ...                            [ 59%]
tests/test_research_runner_feature_support.py .......................... [ 61%]
................................................                         [ 65%]
tests/test_research_runner_runtime_env.py ................               [ 66%]
tests/test_research_runner_scoring_config.py .........                   [ 67%]
tests/test_research_stage_support.py ....                                [ 67%]
tests/test_risk_free_metric_consistency.py ..                            [ 68%]
tests/test_risk_free_metrics.py .....                                    [ 68%]
tests/test_risk_manager_live_guards.py .....                             [ 68%]
tests/test_rolling_breakout_30m_regime_gate.py ....                      [ 69%]
tests/test_run_backtest_data_mode_contract.py ......                     [ 69%]
tests/test_run_backtest_low_memory.py ....                               [ 70%]
tests/test_run_bot_uv_only.py .                                          [ 70%]
tests/test_run_carry_trend_production_retune_script.py ...               [ 70%]
tests/test_run_exact_window_suite_script.py .                            [ 70%]
tests/test_run_four_sleeve_regime_portfolio.py ..                        [ 70%]
tests/test_run_llm_alpha_pipeline_script.py ..                           [ 70%]
tests/test_run_portfolio_optimization_script.py .......                  [ 71%]
tests/test_run_research_candidates_script.py ..........                  [ 72%]
tests/test_run_research_hurdle_script.py ...                             [ 72%]
tests/test_run_research_pipeline_script.py .                             [ 72%]
tests/test_runtime_cache.py ..                                           [ 72%]
tests/test_runtime_config_loader.py ..........                           [ 73%]
tests/test_scan_param_registry_script.py ..                              [ 73%]
tests/test_screen_profit_moonshot_external_alpha.py ....                 [ 73%]
tests/test_search_portfolio_four_sleeve_anchored.py .......              [ 74%]
tests/test_search_portfolio_superiority_meta.py ..........               [ 75%]
tests/test_select_research_shortlist_script.py ...                       [ 75%]
tests/test_shadow_live_replay_parity.py ..                               [ 75%]
tests/test_skip_ahead.py .                                               [ 75%]
tests/test_start_live_session_script.py .......                          [ 76%]
tests/test_strategy_alias_compat.py ...                                  [ 76%]
tests/test_strategy_catalog_new_strategies.py .....                      [ 76%]
tests/test_strategy_context_dispatch.py ....                             [ 77%]
tests/test_strategy_factory_exports.py .                                 [ 77%]
tests/test_strategy_factory_library.py .............................     [ 79%]
tests/test_strategy_factory_runtime_settings.py ...                      [ 79%]
tests/test_strategy_factory_selection.py ...                             [ 80%]
tests/test_strategy_long_short_support.py ..                             [ 80%]
tests/test_strategy_plugins_timeframe.py .                               [ 80%]
tests/test_strategy_registry_defaults.py .                               [ 80%]
tests/test_strategy_signal_dispatch.py ..                                [ 80%]
tests/test_strategy_support_collection_profiles.py .......               [ 81%]
tests/test_strategy_support_inventory.py ..                              [ 81%]
tests/test_symbol_canonicalization_pipeline.py ..                        [ 81%]
tests/test_symbol_universe_validation.py ..                              [ 81%]
tests/test_system_assembly.py .....                                      [ 82%]
tests/test_timeframe_normalization.py ....                               [ 82%]
tests/test_timeframe_panel_and_liquidity.py .                            [ 82%]
tests/test_topcap_tsmom_strategy.py ......                               [ 82%]
tests/test_validate_saved_incumbent_portfolio_continuity_script.py ..... [ 83%]
                                                                         [ 83%]
tests/test_validate_saved_incumbent_portfolio_script.py ...........      [ 84%]
tests/test_verify_8gb_baseline_script.py ......                          [ 84%]
tests/test_verify_install_script.py ..                                   [ 84%]
tests/test_verify_polars_gpu_runtime_script.py .....                     [ 85%]
tests/test_wal_binary.py ......                                          [ 85%]
tests/test_wal_compaction.py ..                                          [ 85%]
tests/test_wal_size_guard.py ..                                          [ 86%]
tests/test_walk_forward.py .                                             [ 86%]
tests/test_week_chunk_determinism.py .                                   [ 86%]
tests/test_windowed_backtest_parity.py ......                            [ 86%]
tests/test_write_portfolio_max_performance_decision.py ................. [ 88%]
.                                                                        [ 88%]
tests/test_write_portfolio_max_performance_decision_meta_search.py .     [ 88%]
tests/test_year_scale_defaults_low_memory.py .                           [ 88%]
tests/unit/test_adaptive_regime_momentum.py .....                        [ 88%]
tests/unit/test_analyze_hybrid_live_investability.py .                   [ 88%]
tests/unit/test_analyze_performance_first_thresholds.py .                [ 88%]
tests/unit/test_artifact_portfolio_mode.py ............................  [ 91%]
tests/unit/test_backtest_live_portfolio_mode_resolution.py ....          [ 91%]
tests/unit/test_cli_help_side_effects.py ......                          [ 91%]
tests/unit/test_cli_main_import_boundaries.py ...                        [ 92%]
tests/unit/test_cross_crypto_slow_diffusion_strategy.py .                [ 92%]
tests/unit/test_derivatives_flow_squeeze_strategy.py ....                [ 92%]
tests/unit/test_group_market_regime_judgement.py ...                     [ 92%]
tests/unit/test_group_regime_judgement.py ..                             [ 92%]
tests/unit/test_grouped_allocator_leverage_tuning.py ..                  [ 93%]
tests/unit/test_grouped_allocator_strict_leverage_batch_retune.py .....  [ 93%]
tests/unit/test_grouped_allocator_strict_leverage_validation.py .......  [ 94%]
tests/unit/test_grouped_regime_monthly_attribution.py .                  [ 94%]
tests/unit/test_hourly_shock_reversion_strategy.py ......                [ 94%]
tests/unit/test_live_equivalent_revalidation.py .......                  [ 95%]
tests/unit/test_portfolio_component_positions.py .                       [ 95%]
tests/unit/test_portfolio_master_scoreboard.py ..                        [ 95%]
tests/unit/test_portfolio_operating_playbook.py .                        [ 95%]
tests/unit/test_portfolio_operating_switch.py ...................        [ 96%]
tests/unit/test_portfolio_split_contract_env_override.py .               [ 97%]
tests/unit/test_profit_moonshot_cadence_sweep.py ..                      [ 97%]
tests/unit/test_profit_moonshot_research.py .....                        [ 97%]
tests/unit/test_profit_moonshot_strategies.py .....                      [ 98%]
tests/unit/test_profit_reboot_selection.py ...                           [ 98%]
tests/unit/test_replay_performance_first_switch.py ...                   [ 98%]
tests/unit/test_soft_three_way_market_regime_allocator.py ...            [ 98%]
tests/unit/test_strategy_registry_fallback.py ...                        [ 98%]
tests/unit/test_taker_flow_exhaustion_reversal_strategy.py ...           [ 99%]
tests/unit/test_three_way_market_regime_allocator.py ...                 [ 99%]
tests/unit/test_timeframe_pair_zscore_reversion_strategy.py .            [ 99%]
tests/unit/test_write_portfolio_live_readiness_decision.py ......        [100%]

======================= 1253 passed in 255.94s (0:04:15) =======================
